0 info it worked if it ends with ok
1 verbose cli [ '/usr/local/bin/node', '/usr/local/bin/npm', 'stop' ]
2 info using npm@4.0.5
3 info using node@v7.4.0
4 verbose run-script [ 'prestop', 'stop', 'poststop' ]
5 info lifecycle cotd@0.0.1~prestop: cotd@0.0.1
6 silly lifecycle cotd@0.0.1~prestop: no script for prestop, continuing
7 info lifecycle cotd@0.0.1~stop: cotd@0.0.1
8 verbose lifecycle cotd@0.0.1~stop: unsafe-perm in lifecycle true
9 verbose lifecycle cotd@0.0.1~stop: PATH: /usr/local/lib/node_modules/npm/bin/node-gyp-bin:/Users/michaelburney/Documents/githubFun/reactPlayGround/React-For-Beginners-Starter-Files-master/catch-of-the-day/node_modules/.bin:/Users/michaelburney/.rvm/gems/ruby-2.2.4/bin:/Users/michaelburney/.rvm/gems/ruby-2.2.4@global/bin:/Users/michaelburney/.rvm/rubies/ruby-2.2.4/bin:/Library/Frameworks/Python.framework/Versions/3.5/bin:/usr/local/php5/bin:/usr/local/bin:/usr/bin:/bin:/usr/sbin:/sbin:/opt/X11/bin:/Users/michaelburney/.rvm/bin
10 verbose lifecycle cotd@0.0.1~stop: CWD: /Users/michaelburney/Documents/githubFun/reactPlayGround/React-For-Beginners-Starter-Files-master/catch-of-the-day
11 silly lifecycle cotd@0.0.1~stop: Args: [ '-c', 'node server.stop.js' ]
12 silly lifecycle cotd@0.0.1~stop: Returned: code: 1  signal: null
13 info lifecycle cotd@0.0.1~stop: Failed to exec stop script
14 verbose stack Error: cotd@0.0.1 stop: `node server.stop.js`
14 verbose stack Exit status 1
14 verbose stack     at EventEmitter.<anonymous> (/usr/local/lib/node_modules/npm/lib/utils/lifecycle.js:279:16)
14 verbose stack     at emitTwo (events.js:106:13)
14 verbose stack     at EventEmitter.emit (events.js:191:7)
14 verbose stack     at ChildProcess.<anonymous> (/usr/local/lib/node_modules/npm/lib/utils/spawn.js:40:14)
14 verbose stack     at emitTwo (events.js:106:13)
14 verbose stack     at ChildProcess.emit (events.js:191:7)
14 verbose stack     at maybeClose (internal/child_process.js:885:16)
14 verbose stack     at Process.ChildProcess._handle.onexit (internal/child_process.js:226:5)
15 verbose pkgid cotd@0.0.1
16 verbose cwd /Users/michaelburney/Documents/githubFun/reactPlayGround/React-For-Beginners-Starter-Files-master/catch-of-the-day
17 error Darwin 15.6.0
18 error argv "/usr/local/bin/node" "/usr/local/bin/npm" "stop"
19 error node v7.4.0
20 error npm  v4.0.5
21 error code ELIFECYCLE
22 error cotd@0.0.1 stop: `node server.stop.js`
22 error Exit status 1
23 error Failed at the cotd@0.0.1 stop script 'node server.stop.js'.
23 error Make sure you have the latest version of node.js and npm installed.
23 error If you do, this is most likely a problem with the cotd package,
23 error not with npm itself.
23 error Tell the author that this fails on your system:
23 error     node server.stop.js
23 error You can get information on how to open an issue for this project with:
23 error     npm bugs cotd
23 error Or if that isn't available, you can get their info via:
23 error     npm owner ls cotd
23 error There is likely additional logging output above.
24 verbose exit [ 1, true ]
